<?xml version="1.0" encoding="UTF-8"?>
<testng-results skipped="0" failed="1" total="5" passed="4">
  <reporter-output>
  </reporter-output>
  <suite name="Default suite" duration-ms="22860" started-at="2014-02-17T17:07:23Z" finished-at="2014-02-17T17:07:46Z">
    <groups>
    </groups>
    <test name="Default test" duration-ms="22860" started-at="2014-02-17T17:07:23Z" finished-at="2014-02-17T17:07:46Z">
      <class name="com.scm.test.TestNGSel">
        <test-method status="PASS" signature="beforeSuite()[pri:0, instance:com.scm.test.TestNGSel@12a518fc]" name="beforeSuite" is-config="true" duration-ms="5" started-at="2014-02-17T09:07:23Z" finished-at="2014-02-17T09:07:23Z">
          <reporter-output>
          </reporter-output>
        </test-method> <!-- beforeSuite -->
        <test-method status="PASS" signature="beforeTest()[pri:0, instance:com.scm.test.TestNGSel@12a518fc]" name="beforeTest" is-config="true" duration-ms="0" started-at="2014-02-17T09:07:23Z" finished-at="2014-02-17T09:07:23Z">
          <reporter-output>
          </reporter-output>
        </test-method> <!-- beforeTest -->
        <test-method status="PASS" signature="beforeClass()[pri:0, instance:com.scm.test.TestNGSel@12a518fc]" name="beforeClass" is-config="true" duration-ms="1" started-at="2014-02-17T09:07:23Z" finished-at="2014-02-17T09:07:23Z">
          <reporter-output>
          </reporter-output>
        </test-method> <!-- beforeClass -->
        <test-method status="PASS" signature="setBaseURL()[pri:0, instance:com.scm.test.TestNGSel@12a518fc]" name="setBaseURL" is-config="true" duration-ms="9044" started-at="2014-02-17T09:07:23Z" finished-at="2014-02-17T09:07:33Z">
          <reporter-output>
          </reporter-output>
        </test-method> <!-- setBaseURL -->
        <test-method status="FAIL" signature="TestManageFlights()[pri:0, instance:com.scm.test.TestNGSel@12a518fc]" name="TestManageFlights" duration-ms="6063" started-at="2014-02-17T09:07:33Z" finished-at="2014-02-17T09:07:39Z">
          <exception class="org.openqa.selenium.NoSuchElementException">
            <message>
              <![CDATA[Unable to locate element: {"method":"xpath","selector":".//*[@id='searchContainer']/ul/li[1]"}
Command duration or timeout: 10 milliseconds
For documentation on this error, please visit: http://seleniumhq.org/exceptions/no_such_element.html
Build info: version: '2.39.0', revision: 'ff23eac', time: '2013-12-16 16:12:12'
System info: host: 'ADMINIB-8Q6IAUJ', ip: '9.49.141.61', os.name: 'Windows 7', os.arch: 'amd64', os.version: '6.1', java.version: '1.7.0_51'
Session ID: 6db17074-75e0-4134-b3cc-ea481b73fb27
Driver info: org.openqa.selenium.firefox.FirefoxDriver
Capabilities [{platform=XP, acceptSslCerts=true, javascriptEnabled=true, cssSelectorsEnabled=true, databaseEnabled=true, browserName=firefox, handlesAlerts=true, browserConnectionEnabled=true, webStorageEnabled=true, nativeEvents=false, rotatable=false, locationContextEnabled=true, applicationCacheEnabled=true, takesScreenshot=true, version=27.0}]]]>
            </message>
            <full-stacktrace>
              <![CDATA[org.openqa.selenium.NoSuchElementException: Unable to locate element: {"method":"xpath","selector":".//*[@id='searchContainer']/ul/li[1]"}
Command duration or timeout: 10 milliseconds
For documentation on this error, please visit: http://seleniumhq.org/exceptions/no_such_element.html
Build info: version: '2.39.0', revision: 'ff23eac', time: '2013-12-16 16:12:12'
System info: host: 'ADMINIB-8Q6IAUJ', ip: '9.49.141.61', os.name: 'Windows 7', os.arch: 'amd64', os.version: '6.1', java.version: '1.7.0_51'
Session ID: 6db17074-75e0-4134-b3cc-ea481b73fb27
Driver info: org.openqa.selenium.firefox.FirefoxDriver
Capabilities [{platform=XP, acceptSslCerts=true, javascriptEnabled=true, cssSelectorsEnabled=true, databaseEnabled=true, browserName=firefox, handlesAlerts=true, browserConnectionEnabled=true, webStorageEnabled=true, nativeEvents=false, rotatable=false, locationContextEnabled=true, applicationCacheEnabled=true, takesScreenshot=true, version=27.0}]
	at sun.reflect.NativeConstructorAccessorImpl.newInstance0(Native Method)
	at sun.reflect.NativeConstructorAccessorImpl.newInstance(Unknown Source)
	at sun.reflect.DelegatingConstructorAccessorImpl.newInstance(Unknown Source)
	at java.lang.reflect.Constructor.newInstance(Unknown Source)
	at org.openqa.selenium.remote.ErrorHandler.createThrowable(ErrorHandler.java:193)
	at org.openqa.selenium.remote.ErrorHandler.throwIfResponseFailed(ErrorHandler.java:145)
	at org.openqa.selenium.remote.RemoteWebDriver.execute(RemoteWebDriver.java:554)
	at org.openqa.selenium.remote.RemoteWebDriver.findElement(RemoteWebDriver.java:307)
	at org.openqa.selenium.remote.RemoteWebDriver.findElementByXPath(RemoteWebDriver.java:404)
	at org.openqa.selenium.By$ByXPath.findElement(By.java:363)
	at org.openqa.selenium.remote.RemoteWebDriver.findElement(RemoteWebDriver.java:299)
	at com.scm.test.TestNGSel.TestManageFlights(TestNGSel.java:76)
	at sun.reflect.NativeMethodAccessorImpl.invoke0(Native Method)
	at sun.reflect.NativeMethodAccessorImpl.invoke(Unknown Source)
	at sun.reflect.DelegatingMethodAccessorImpl.invoke(Unknown Source)
	at java.lang.reflect.Method.invoke(Unknown Source)
	at org.testng.internal.MethodInvocationHelper.invokeMethod(MethodInvocationHelper.java:84)
	at org.testng.internal.Invoker.invokeMethod(Invoker.java:714)
	at org.testng.internal.Invoker.invokeTestMethod(Invoker.java:901)
	at org.testng.internal.Invoker.invokeTestMethods(Invoker.java:1231)
	at org.testng.internal.TestMethodWorker.invokeTestMethods(TestMethodWorker.java:127)
	at org.testng.internal.TestMethodWorker.run(TestMethodWorker.java:111)
	at org.testng.TestRunner.privateRun(TestRunner.java:767)
	at org.testng.TestRunner.run(TestRunner.java:617)
	at org.testng.SuiteRunner.runTest(SuiteRunner.java:334)
	at org.testng.SuiteRunner.runSequentially(SuiteRunner.java:329)
	at org.testng.SuiteRunner.privateRun(SuiteRunner.java:291)
	at org.testng.SuiteRunner.run(SuiteRunner.java:240)
	at org.testng.SuiteRunnerWorker.runSuite(SuiteRunnerWorker.java:52)
	at org.testng.SuiteRunnerWorker.run(SuiteRunnerWorker.java:86)
	at org.testng.TestNG.runSuitesSequentially(TestNG.java:1224)
	at org.testng.TestNG.runSuitesLocally(TestNG.java:1149)
	at org.testng.TestNG.run(TestNG.java:1057)
	at org.testng.remote.RemoteTestNG.run(RemoteTestNG.java:111)
	at org.testng.remote.RemoteTestNG.initAndRun(RemoteTestNG.java:204)
	at org.testng.remote.RemoteTestNG.main(RemoteTestNG.java:175)
Caused by: org.openqa.selenium.remote.ErrorHandler$UnknownServerException: Unable to locate element: {"method":"xpath","selector":".//*[@id='searchContainer']/ul/li[1]"}
Build info: version: '2.39.0', revision: 'ff23eac', time: '2013-12-16 16:12:12'
System info: host: 'ADMINIB-8Q6IAUJ', ip: '9.49.141.61', os.name: 'Windows 7', os.arch: 'amd64', os.version: '6.1', java.version: '1.7.0_51'
Driver info: driver.version: unknown
	at <anonymous class>.FirefoxDriver.prototype.findElementInternal_(file:///C:/Users/IBM_AD~1/AppData/Local/Temp/anonymous1969336635228119111webdriver-profile/extensions/fxdriver@googlecode.com/components/driver_component.js:8860)
	at <anonymous class>.FirefoxDriver.prototype.findElement(file:///C:/Users/IBM_AD~1/AppData/Local/Temp/anonymous1969336635228119111webdriver-profile/extensions/fxdriver@googlecode.com/components/driver_component.js:8869)
	at <anonymous class>.DelayedCommand.prototype.executeInternal_/h(file:///C:/Users/IBM_AD~1/AppData/Local/Temp/anonymous1969336635228119111webdriver-profile/extensions/fxdriver@googlecode.com/components/command_processor.js:10831)
	at <anonymous class>.DelayedCommand.prototype.executeInternal_(file:///C:/Users/IBM_AD~1/AppData/Local/Temp/anonymous1969336635228119111webdriver-profile/extensions/fxdriver@googlecode.com/components/command_processor.js:10836)
	at <anonymous class>.DelayedCommand.prototype.execute/<(file:///C:/Users/IBM_AD~1/AppData/Local/Temp/anonymous1969336635228119111webdriver-profile/extensions/fxdriver@googlecode.com/components/command_processor.js:10778)
]]>
            </full-stacktrace>
          </exception> <!-- org.openqa.selenium.NoSuchElementException -->
          <reporter-output>
          </reporter-output>
        </test-method> <!-- TestManageFlights -->
        <test-method status="PASS" signature="afterMethod()[pri:0, instance:com.scm.test.TestNGSel@12a518fc]" name="afterMethod" is-config="true" duration-ms="0" started-at="2014-02-17T09:07:39Z" finished-at="2014-02-17T09:07:39Z">
          <reporter-output>
          </reporter-output>
        </test-method> <!-- afterMethod -->
        <test-method status="PASS" signature="f(java.lang.Integer, java.lang.String)[pri:0, instance:com.scm.test.TestNGSel@12a518fc]" name="f" duration-ms="0" started-at="2014-02-17T09:07:39Z" data-provider="dp" finished-at="2014-02-17T09:07:39Z">
          <params>
            <param index="0">
              <value>
                <![CDATA[1]]>
              </value>
            </param>
            <param index="1">
              <value>
                <![CDATA[a]]>
              </value>
            </param>
          </params>
          <reporter-output>
          </reporter-output>
        </test-method> <!-- f -->
        <test-method status="PASS" signature="f(java.lang.Integer, java.lang.String)[pri:0, instance:com.scm.test.TestNGSel@12a518fc]" name="f" duration-ms="1" started-at="2014-02-17T09:07:39Z" data-provider="dp" finished-at="2014-02-17T09:07:39Z">
          <params>
            <param index="0">
              <value>
                <![CDATA[2]]>
              </value>
            </param>
            <param index="1">
              <value>
                <![CDATA[b]]>
              </value>
            </param>
          </params>
          <reporter-output>
          </reporter-output>
        </test-method> <!-- f -->
        <test-method status="PASS" signature="afterMethod()[pri:0, instance:com.scm.test.TestNGSel@12a518fc]" name="afterMethod" is-config="true" duration-ms="0" started-at="2014-02-17T09:07:39Z" finished-at="2014-02-17T09:07:39Z">
          <reporter-output>
          </reporter-output>
        </test-method> <!-- afterMethod -->
        <test-method status="PASS" signature="afterMethod()[pri:0, instance:com.scm.test.TestNGSel@12a518fc]" name="afterMethod" is-config="true" duration-ms="0" started-at="2014-02-17T09:07:39Z" finished-at="2014-02-17T09:07:39Z">
          <reporter-output>
          </reporter-output>
        </test-method> <!-- afterMethod -->
        <test-method status="PASS" signature="testCheckInOnlinetab()[pri:0, instance:com.scm.test.TestNGSel@12a518fc]" name="testCheckInOnlinetab" duration-ms="1916" started-at="2014-02-17T09:07:39Z" finished-at="2014-02-17T09:07:41Z">
          <reporter-output>
          </reporter-output>
        </test-method> <!-- testCheckInOnlinetab -->
        <test-method status="PASS" signature="afterMethod()[pri:0, instance:com.scm.test.TestNGSel@12a518fc]" name="afterMethod" is-config="true" duration-ms="0" started-at="2014-02-17T09:07:41Z" finished-at="2014-02-17T09:07:41Z">
          <reporter-output>
          </reporter-output>
        </test-method> <!-- afterMethod -->
        <test-method status="PASS" signature="testFlightStatustab()[pri:0, instance:com.scm.test.TestNGSel@12a518fc]" name="testFlightStatustab" duration-ms="4119" started-at="2014-02-17T09:07:41Z" finished-at="2014-02-17T09:07:45Z">
          <reporter-output>
          </reporter-output>
        </test-method> <!-- testFlightStatustab -->
        <test-method status="PASS" signature="afterClass()[pri:0, instance:com.scm.test.TestNGSel@12a518fc]" name="afterClass" is-config="true" duration-ms="1691" started-at="2014-02-17T09:07:45Z" finished-at="2014-02-17T09:07:46Z">
          <reporter-output>
          </reporter-output>
        </test-method> <!-- afterClass -->
        <test-method status="PASS" signature="afterMethod()[pri:0, instance:com.scm.test.TestNGSel@12a518fc]" name="afterMethod" is-config="true" duration-ms="0" started-at="2014-02-17T09:07:45Z" finished-at="2014-02-17T09:07:45Z">
          <reporter-output>
          </reporter-output>
        </test-method> <!-- afterMethod -->
        <test-method status="PASS" signature="afterTest()[pri:0, instance:com.scm.test.TestNGSel@12a518fc]" name="afterTest" is-config="true" duration-ms="0" started-at="2014-02-17T09:07:46Z" finished-at="2014-02-17T09:07:46Z">
          <reporter-output>
          </reporter-output>
        </test-method> <!-- afterTest -->
        <test-method status="PASS" signature="afterSuite()[pri:0, instance:com.scm.test.TestNGSel@12a518fc]" name="afterSuite" is-config="true" duration-ms="1" started-at="2014-02-17T09:07:46Z" finished-at="2014-02-17T09:07:46Z">
          <reporter-output>
          </reporter-output>
        </test-method> <!-- afterSuite -->
      </class> <!-- com.scm.test.TestNGSel -->
    </test> <!-- Default test -->
  </suite> <!-- Default suite -->
</testng-results>
